<?xml version="1.0" encoding="UTF-8"?>
<!-- Generated by org.testng.reporters.JUnitReportReporter -->
<testsuite skipped="0" hostname="EliteBook850-PC" name="com.testing.Testing1" tests="4" failures="0" timestamp="01 Jun 2019 18:29:14 GMT" time="0.029" errors="0">
  <testcase name="f" time="0.012" classname="com.testing.Testing1"/>
  <testcase name="f" time="0.007" classname="com.testing.Testing1"/>
  <testcase name="test1" time="0.005" classname="com.testing.Testing1"/>
  <testcase name="test2" time="0.005" classname="com.testing.Testing1"/>
</testsuite> <!-- com.testing.Testing1 -->
