<?xml version="1.0" encoding="UTF-8"?>
<!-- Generated by org.testng.reporters.JUnitReportReporter -->
<testsuite skipped="0" hostname="EliteBook850-PC" name="com.testing.Testing2" tests="2" failures="0" timestamp="01 Jun 2019 18:29:14 GMT" time="0.005" errors="0">
  <testcase name="test3" time="0.003" classname="com.testing.Testing2"/>
  <testcase name="test4" time="0.002" classname="com.testing.Testing2"/>
</testsuite> <!-- com.testing.Testing2 -->
